<?xml version="1.0" encoding="UTF-8"?>
<testng-results skipped="0" failed="0" ignored="0" total="1" passed="1">
  <reporter-output>
  </reporter-output>
  <suite name="Default suite" duration-ms="9246" started-at="2018-08-20T21:36:47Z" finished-at="2018-08-20T21:36:56Z">
    <groups>
    </groups>
    <test name="Default test" duration-ms="9246" started-at="2018-08-20T21:36:47Z" finished-at="2018-08-20T21:36:56Z">
      <class name="com.selenium.test.selenium_java.MouseOver">
        <test-method status="PASS" signature="MouseOverTest()[pri:0, instance:com.selenium.test.selenium_java.MouseOver@4c163e3]" name="MouseOverTest" duration-ms="9223" started-at="2018-08-20T21:36:47Z" finished-at="2018-08-20T21:36:56Z">
          <reporter-output>
          </reporter-output>
        </test-method> <!-- MouseOverTest -->
      </class> <!-- com.selenium.test.selenium_java.MouseOver -->
    </test> <!-- Default test -->
  </suite> <!-- Default suite -->
</testng-results>
